<?xml version="1.0" encoding="UTF-8"?>
<!-- Generated by org.testng.reporters.JUnitReportReporter -->
<testsuite hostname="LAPTOP-ERPM23AR" failures="0" tests="1" name="alami.elevenia.EleveniaTest" time="12.884" errors="0" timestamp="22 Aug 2022 07:05:52 GMT" skipped="0">
  <testcase classname="alami.elevenia.EleveniaTest" name="Test" time="12.884"/>
</testsuite> <!-- alami.elevenia.EleveniaTest -->
